<?xml version="1.0" encoding="UTF-8"?>
<Site BuildName="Linux-c++"
	BuildStamp="20260715-1443-Experimental"
	Name="orangepi5"
	Generator="ctest-3.30.0-rc2"
	CompilerName="/usr/bin/c++"
	CompilerVersion="11.4.0"
	OSName="Linux"
	Hostname="orangepi5"
	OSRelease="6.1.43-rockchip-rk3588"
	OSVersion="#1.1.10 SMP Mon Jul  8 13:47:08 CST 2024"
	OSPlatform="aarch64"
	Is64Bits="1"
	VendorString=""
	VendorID="Unknown Manufacturer"
	FamilyID="8"
	ModelID="0"
	ProcessorCacheSize="0"
	NumberOfLogicalCPU="8"
	NumberOfPhysicalCPU="1"
	TotalVirtualMemory="3967"
	TotalPhysicalMemory="7934"
	LogicalProcessorsPerPhysical="8"
	ProcessorClockFrequency="0"
	>
	<Testing>
		<StartDateTime>Jul 15 22:51 CST</StartDateTime>
		<StartTestTime>1784127078</StartTestTime>
		<TestList/>
		<EndDateTime>Jul 15 22:51 CST</EndDateTime>
		<EndTestTime>1784127078</EndTestTime>
		<ElapsedMinutes>0</ElapsedMinutes>
	</Testing>
</Site>
